<?xml version="1.0" encoding="UTF-8"?>
<!-- Generated by org.testng.reporters.JUnitXMLReporter -->
<testsuite hostname="INAIRLT541246" ignored="0" name="Default test" tests="4" failures="0" timestamp="18 Feb 2021 06:32:42 GMT" time="141.052" errors="0">
  <testcase name="login" time="137.961" classname="com.test.hybrid.suiteA.LoginTest"/>
  <testcase name="login" time="0.003" classname="com.test.hybrid.suiteA.LoginTest">
    <skipped/>
  </testcase> <!-- login -->
  <testcase name="login" time="0.002" classname="com.test.hybrid.suiteA.LoginTest">
    <skipped/>
  </testcase> <!-- login -->
  <testcase name="login" time="0.002" classname="com.test.hybrid.suiteA.LoginTest">
    <skipped/>
  </testcase> <!-- login -->
</testsuite> <!-- Default test -->
