<?xml version="1.0" encoding="UTF-8"?>
<!-- Generated by org.testng.reporters.JUnitXMLReporter -->
<testsuite hostname="INAIRLT541246" ignored="1" name="Test" tests="5" failures="0" timestamp="18 Feb 2021 05:30:00 GMT" time="3029.52" errors="0">
  <testcase name="login" time="16.106" classname="com.test.hybrid.suiteA.LoginTest">
    <skipped/>
  </testcase> <!-- login -->
  <testcase name="login" time="8.019" classname="com.test.hybrid.suiteA.LoginTest">
    <skipped/>
  </testcase> <!-- login -->
  <testcase name="login" time="9.287" classname="com.test.hybrid.suiteA.LoginTest">
    <skipped/>
  </testcase> <!-- login -->
  <testcase name="login" time="9.652" classname="com.test.hybrid.suiteA.LoginTest">
    <skipped/>
  </testcase> <!-- login -->
  <testcase name="login" time="0.0" classname="com.test.hybrid.suiteA.TestB">
    <skipped/>
  </testcase> <!-- login -->
  <testcase name="@BeforeTest init" time="0.0" classname="com.test.hybrid.base.BaseTest">
    <ignored/>
  </testcase> <!-- @BeforeTest init -->
</testsuite> <!-- Test -->
